2012-12-29 02:23:54 Error: [MissingActionException] Action UsersController::index() could not be found.
#0 C:\wamp\cake\lib\Cake\Routing\Dispatcher.php(186): Controller->invokeAction(Object(CakeRequest))
#1 C:\wamp\cake\lib\Cake\Routing\Dispatcher.php(161): Dispatcher->_invoke(Object(UsersController), Object(CakeRequest), Object(CakeResponse))
#2 C:\wamp\www\multi_step_form\webroot\index.php(102): Dispatcher->dispatch(Object(CakeRequest), Object(CakeResponse))
#3 {main}
2012-12-29 02:24:28 Error: [MissingActionException] Action UsersController::msf() could not be found.
#0 C:\wamp\cake\lib\Cake\Routing\Dispatcher.php(186): Controller->invokeAction(Object(CakeRequest))
#1 C:\wamp\cake\lib\Cake\Routing\Dispatcher.php(161): Dispatcher->_invoke(Object(UsersController), Object(CakeRequest), Object(CakeResponse))
#2 C:\wamp\www\multi_step_form\webroot\index.php(102): Dispatcher->dispatch(Object(CakeRequest), Object(CakeResponse))
#3 {main}
2012-12-29 02:24:28 Error: [MissingActionException] Action UsersController::msf() could not be found.
#0 C:\wamp\cake\lib\Cake\Routing\Dispatcher.php(186): Controller->invokeAction(Object(CakeRequest))
#1 C:\wamp\cake\lib\Cake\Routing\Dispatcher.php(161): Dispatcher->_invoke(Object(UsersController), Object(CakeRequest), Object(CakeResponse))
#2 C:\wamp\www\multi_step_form\webroot\index.php(102): Dispatcher->dispatch(Object(CakeRequest), Object(CakeResponse))
#3 {main}
2012-12-29 02:45:17 Error: [MissingConnectionException] Database connection "Mysql" is missing, or could not be created.
#0 C:\wamp\cake\lib\Cake\Model\Datasource\DboSource.php(261): Mysql->connect()
#1 C:\wamp\cake\lib\Cake\Model\ConnectionManager.php(101): DboSource->__construct(Array)
#2 C:\wamp\cake\lib\Cake\Model\Model.php(3199): ConnectionManager::getDataSource('default')
#3 C:\wamp\cake\lib\Cake\Model\Model.php(1107): Model->setDataSource('default')
#4 C:\wamp\cake\lib\Cake\Model\Model.php(3221): Model->setSource('users')
#5 C:\wamp\cake\lib\Cake\Model\Model.php(1316): Model->getDataSource()
#6 C:\wamp\cake\lib\Cake\View\Helper\FormHelper.php(197): Model->schema()
#7 C:\wamp\cake\lib\Cake\View\Helper\FormHelper.php(443): FormHelper->_introspectModel('User', 'fields')
#8 C:\wamp\www\multi_step_form\View\Users\msf_step_1.ctp(2): FormHelper->create('User')
#9 C:\wamp\cake\lib\Cake\View\View.php(945): include('C:\wamp\www\mul...')
#10 C:\wamp\cake\lib\Cake\View\View.php(907): View->_evaluate('C:\wamp\www\mul...', Array)
#11 C:\wamp\cake\lib\Cake\View\View.php(468): View->_render('C:\wamp\www\mul...')
#12 C:\wamp\cake\lib\Cake\Controller\Controller.php(955): View->render('msf_step_1', NULL)
#13 C:\wamp\www\multi_step_form\Controller\UsersController.php(111): Controller->render('msf_step_1')
#14 [internal function]: UsersController->msf_step('1')
#15 C:\wamp\cake\lib\Cake\Controller\Controller.php(485): ReflectionMethod->invokeArgs(Object(UsersController), Array)
#16 C:\wamp\cake\lib\Cake\Routing\Dispatcher.php(186): Controller->invokeAction(Object(CakeRequest))
#17 C:\wamp\cake\lib\Cake\Routing\Dispatcher.php(161): Dispatcher->_invoke(Object(UsersController), Object(CakeRequest), Object(CakeResponse))
#18 C:\wamp\www\multi_step_form\webroot\index.php(102): Dispatcher->dispatch(Object(CakeRequest), Object(CakeResponse))
#19 {main}
